<?xml version="1.0" encoding="UTF-8"?>
<testsuite name="HLR08Test" tests="7" skipped="0" failures="0" errors="0" timestamp="2021-01-07T16:21:47" hostname="WHOAMI" time="0.013">
  <properties/>
  <testcase name="TestDistCT" classname="HLR08Test" time="0.004"/>
  <testcase name="TestDistRA" classname="HLR08Test" time="0.001"/>
  <testcase name="TestDistTA" classname="HLR08Test" time="0.0"/>
  <testcase name="TestDistNull" classname="HLR08Test" time="0.0"/>
  <testcase name="TestDistance" classname="HLR08Test" time="0.003"/>
  <testcase name="TestBoundries01" classname="HLR08Test" time="0.0"/>
  <testcase name="TestBoundries02" classname="HLR08Test" time="0.0"/>
  <system-out><![CDATA[486.70176843367165
]]></system-out>
  <system-err><![CDATA[]]></system-err>
</testsuite>
